make.exe all --print-data-base --no-builtin-variables --no-builtin-rules --question
# GNU Make 3.81
# Copyright (C) 2006  Free Software Foundation, Inc.
# This is free software; see the source for copying conditions.
# There is NO warranty; not even for MERCHANTABILITY or FITNESS FOR A
# PARTICULAR PURPOSE.

# This program built for i686-pc-msys
 

# Make data base, printed on Sun Jul 31 20:51:48 2022

# Variables

# automatic
<D = $(patsubst %/,%,$(dir $<))
# automatic
?F = $(notdir $?)
# makefile
 
MAKEFLAGS = Rrqp
# automatic
?D = $(patsubst %/,%,$(dir $?))
# automatic
@D = $(patsubst %/,%,$(dir $@))
# environment
HOMEDRIVE = C:
# automatic
@F = $(notdir $@)
# automatic
^D = $(patsubst %/,%,$(dir $^))
# makefile
CURDIR := /c/Users/sj/Desktop/UART-Controller
# default
SHELL := /bin/sh
# environment
WINDIR = C:\WINDOWS
# environment
VSCODE_NLS_CONFIG = {"locale":"en","availableLanguages":{},"_languagePackSupport":true}
# environment
VBOX_MSI_INSTALL_PATH = C:\Program Files\Oracle\VirtualBox\
# environment
ONEDRIVE = C:\Users\sj\OneDrive
# environment
PATHEXT = .COM;.EXE;.BAT;.CMD;.VBS;.VBE;.JS;.JSE;.WSF;.WSH;.MSC
# makefile (from `Makefile', line 1)
MAKEFILE_LIST :=  Makefile
# environment
FPS_BROWSER_USER_PROFILE_STRING = Default
# environment
TMP = /tmp
# environment
PROGRAMW6432 = C:\Program Files
# environment
PROGRAMDATA = C:\ProgramData
# environment
VSCODE_CWD = C:\Users\sj\AppData\Local\Programs\Microsoft VS Code
# environment
PATH = /c/Program Files (x86)/IntelSWTools/system_studio_2020/OpenCL/sdk/bin/x64:/c/Program Files (x86)/IntelSWTools/system_studio_2020/OpenCL/sdk/bin/x86:/c/Program Files (x86)/Common Files/Oracle/Java/javapath:/c/Program Files (x86)/Intel/Intel(R) Management Engine Components/iCLS/:/c/Program Files/Intel/Intel(R) Management Engine Components/iCLS/:/c/WINDOWS/system32:/c/WINDOWS:/c/WINDOWS/System32/Wbem:/c/WINDOWS/System32/WindowsPowerShell/v1.0/:/c/Program Files (x86)/Intel/Intel(R) Management Engine Components/DAL:/c/Program Files/Intel/Intel(R) Management Engine Components/DAL:/c/WINDOWS/System32/OpenSSH/:/c/Program Files/Git/cmd:/c/Program Files/Java/jdk1.8.0_231/bin:/c/Program Files/Java/jre1.8.0_231/bin:/mingw/bin:/mingw/mingw32/bin:/usr/bin:/c/Program Files (x86)/GNU Tools Arm Embedded/9 2019-q4-major/bin:/c/iverilog/bin:/c/iverilog/gtkwave/bin:/c/Program Files/PuTTY/:/c/Program Files/nodejs/:/c/Program Files (x86)/STMicroelectronics/STM32 ST-LINK Utility/ST-LINK Utility:/c/Users/sj/AppData/Local/Microsoft/WindowsApps:/c/Program Files/Intel/WiFi/bin/:/c/Program Files/Common Files/Intel/WirelessCommon/:/c/Program Files/Bandizip/:/c/Users/sj/AppData/Local/Programs/Microsoft VS Code/bin:/c/Users/sj/AppData/Roaming/npm:.
# environment
COMMONPROGRAMW6432 = C:\Program Files\Common Files
# environment
PROCESSOR_ARCHITECTURE = x86
# environment
USERPROFILE = C:\Users\sj
# environment
!C: = c:\Users\sj\Desktop\UART-Controller
# environment
ALLUSERSPROFILE = C:\ProgramData
# environment
NUMBER_OF_PROCESSORS = 4
# environment
ELECTRON_RUN_AS_NODE = 1
# default
.FEATURES := target-specific order-only second-expansion else-if archives jobserver check-symlink
# automatic
%F = $(notdir $%)
# environment
CHROME_CRASHPAD_PIPE_NAME = \\.\pipe\crashpad_14300_EMRYKMAETCNLFJEO
# environment
COMPUTERNAME = SEUNGJJUPIKA
# environment
PROGRAMFILES = C:\Program Files (x86)
# environment
DRIVERDATA = C:\Windows\System32\Drivers\DriverData
# environment
ORIGINAL_XDG_CURRENT_DESKTOP = undefined
# environment
USERNAME = sj
# environment
PUBLIC = C:\Users\Public
# environment
VSCODE_AMD_ENTRYPOINT = vs/workbench/api/node/extensionHostProcess
# environment
VSCODE_CODE_CACHE_PATH = C:\Users\sj\AppData\Roaming\Code\CachedData\3b889b090b5ad5793f524b5d1d39fda662b96a2a
# environment
APPLICATION_INSIGHTS_NO_DIAGNOSTIC_CHANNEL = 1
# environment
COMMONPROGRAMFILES = C:\Program Files (x86)\Common Files
# environment
LOGONSERVER = \\SEUNGJJUPIKA
# environment
VSCODE_HANDLES_UNCAUGHT_ERRORS = true
# environment
USERDOMAIN = SEUNGJJUPIKA
# default
MAKE = $(MAKE_COMMAND)
# default
MAKECMDGOALS := all
# default
MAKE_VERSION := 3.81
# makefile
.DEFAULT_GOAL := all
# environment
PROGRAMFILES(X86) = C:\Program Files (x86)
# automatic
%D = $(patsubst %/,%,$(dir $%))
# environment
LOCALAPPDATA = C:\Users\sj\AppData\Local
# environment
PSMODULEPATH = %ProgramFiles%\WindowsPowerShell\Modules;C:\WINDOWS\system32\WindowsPowerShell\v1.0\Modules
# default
MAKE_COMMAND := make.exe
# environment
PROCESSOR_ARCHITEW6432 = AMD64
# default
.VARIABLES := 
# automatic
*F = $(notdir $*)
# environment
PROCESSOR_IDENTIFIER = Intel64 Family 6 Model 142 Stepping 11, GenuineIntel
# environment
OS = Windows_NT
# environment
VSCODE_IPC_HOOK = \\.\pipe\3d6740baa51fc39a4e48b528c3e864bd-1.69.2-main-sock
# environment
HOMEPATH = \
# environment
COMMONPROGRAMFILES(X86) = C:\Program Files (x86)\Common Files
# environment
PROMPT = $P$G
# environment
MFLAGS = -Rrqp
# automatic
*D = $(patsubst %/,%,$(dir $*))
# environment
SYSTEMROOT = C:\WINDOWS
# automatic
+D = $(patsubst %/,%,$(dir $+))
# automatic
+F = $(notdir $+)
# environment
APPDATA = C:\Users\sj\AppData\Roaming
# environment
INTELOCLPATH = C:\Program Files (x86)\IntelSWTools\system_studio_2020\OpenCL\sdk\bin\x64;C:\Program Files (x86)\IntelSWTools\system_studio_2020\OpenCL\sdk\bin\x86
# environment
TEMP = /tmp
# environment
COMSPEC = C:\WINDOWS\system32\cmd.exe
# default
MAKEFILES := 
# automatic
<F = $(notdir $<)
# environment
LC_ALL = C
# automatic
^F = $(notdir $^)
# default
SUFFIXES := 
# environment
SYSTEMDRIVE = C:
# environment
SESSIONNAME = Console
# environment
PROCESSOR_REVISION = 8e0b
# default
.INCLUDE_DIRS = /usr/include /usr/include
# environment
MAKELEVEL := 0
# environment
INTELOCLSDKROOT = C:\Program Files (x86)\IntelSWTools\system_studio_2020\OpenCL\sdk\
# environment
LANG = C
# environment
PROCESSOR_LEVEL = 6
 
# environment
TERM = cygwin
# environment
FPS_BROWSER_APP_PROFILE_STRING = Internet Explorer
# environment
VSCODE_PID = 14300
# environment
USERDOMAIN_ROAMINGPROFILE = SEUNGJJUPIKA
# variable set hash-table stats:
 
# Load=89/1024=9%, Rehash=0, Collisions=9/116=8%
 

# Pattern-specific Variable Values

# No pattern-specific variable values.

# Directories

# . (device -27275, inode 2970349): 14 files, no impossibilities.

# 14 files, no impossibilities in 1 directories.

# Implicit Rules

# No implicit rules.

# Files

all: Uart8
#  Command-line target.
#  Implicit rule search has been done.
#  File does not exist.
#  File has been updated.
#  Needs to be updated (-q is set).
# variable set hash-table stats:
# Load=0/32=0%, Rehash=0, Collisions=0/2=0%

Uart8Receiver: clean
#  Implicit rule search has not been done.
#  Modification time never checked.
#  File has not been updated.
#  commands to execute (from `Makefile', line 17):
	iverilog -o test.vvp testbench/Uart8Receiver_tb.v
	vvp test.vvp
	gtkwave test.vcd
	

# Not a target:
.SUFFIXES:
#  Implicit rule search has not been done.
#  Modification time never checked.
#  File has not been updated.

# Not a target:
Makefile:
#  Implicit rule search has been done.
 
#  Last modified 2022-07-31 15:18:17
 
#  File has been updated.
#  Successfully updated.
# variable set hash-table stats:
# Load=0/32=0%, Rehash=0, Collisions=0/0=0%

Uart8: clean
#  Implicit rule search has not been done.
#  File does not exist.
#  File has been updated.
#  Needs to be updated (-q is set).
# variable set hash-table stats:
# Load=0/32=0%, Rehash=0, Collisions=0/2=0%
#  commands to execute (from `Makefile', line 7):
	iverilog -o test.vvp testbench/Uart8_tb.v
	vvp test.vvp
	gtkwave test.vcd
	

# Not a target:
.DEFAULT:
#  Implicit rule search has not been done.
#  Modification time never checked.
#  File has not been updated.

BaudRateGenerator: clean
#  Implicit rule search has not been done.
#  Modification time never checked.
#  File has not been updated.
#  commands to execute (from `Makefile', line 12):
	iverilog -o test.vvp testbench/BaudRateGenerator_tb.v
	vvp test.vvp
	gtkwave test.vcd
	

clean:
#  Implicit rule search has not been done.
#  Implicit/static pattern stem: `'
#  File does not exist.
#  File has been updated.
#  Needs to be updated (-q is set).
# automatic
# @ := clean
# automatic
# % := 
# automatic
# * := 
# automatic
# + := 
# automatic
# | := 
# automatic
# < := 
# automatic
# ^ := 
# automatic
# ? := 
# variable set hash-table stats:
# Load=8/32=25%, Rehash=0, Collisions=1/10=10%
#  commands to execute (from `Makefile', line 27):
	rm -f test.vcd
	rm -f test.vvp
	

Uart8Transmitter: clean
#  Implicit rule search has not been done.
#  Modification time never checked.
#  File has not been updated.
#  commands to execute (from `Makefile', line 22):
	iverilog -o test.vvp testbench/Uart8Transmitter_tb.v
	vvp test.vvp
	gtkwave test.vcd
	

# files hash-table stats:
# Load=9/1024=1%, Rehash=0, Collisions=0/27=0%
# VPATH Search Paths

# No `vpath' search paths.

# No general (`VPATH' variable) search path.

# # of strings in strcache: 1
# # of strcache buffers: 1
# strcache size: total = 4096 / max = 4096 / min = 4096 / avg = 4096
# strcache free: total = 4087 / max = 4087 / min = 4087 / avg = 4087

# Finished Make data base on Sun Jul 31 20:51:48 2022

 
